<?xml version="1.0" encoding="UTF-8"?>
<!-- Generated by org.testng.reporters.JUnitReportReporter -->
<testsuite hostname="dilip-PC" failures="0" tests="1" name="TestNg.login" time="32.691" errors="0" timestamp="2023-01-17T12:47:21 IST" skipped="0">
  <testcase classname="TestNg.login" name="mytest" time="32.691"/>
  <system-out/>
</testsuite> <!-- TestNg.login -->
