<?xml version="1.0" encoding="UTF-8"?>
<!-- Generated by org.testng.reporters.JUnitReportReporter -->
<testsuite hostname="dilip-PC" failures="0" tests="1" name="TestNg.WebbrowserTest" time="54.271" errors="0" timestamp="2022-12-16T22:00:08 IST" skipped="0">
  <testcase classname="TestNg.WebbrowserTest" name="firefoxdriver" time="54.271"/>
  <system-out/>
</testsuite> <!-- TestNg.WebbrowserTest -->
